{"name": "test_products_group", "status": "skipped", "statusDetails": {"message": "XFAIL Wait for fix bug\n\nselenium.common.exceptions.ElementClickInterceptedException: Message: element click intercepted: Element <a href=\"https://testqastudio.me?products_group=sale\" class=\"tab-sale \">...</a> is not clickable at point (789, 748). Other element would receive the click: <div class=\"catalog-toolbar-tabs__content\">...</div>\n  (Session info: chrome=120.0.6099.234)\nStacktrace:\n0   chromedriver                        0x00000001029844dc chromedriver + 4162780\n1   chromedriver                        0x000000010297c664 chromedriver + 4130404\n2   chromedriver                        0x00000001025d3bc0 chromedriver + 293824\n3   chromedriver                        0x00000001026210b4 chromedriver + 610484\n4   chromedriver                        0x000000010261f090 chromedriver + 602256\n5   chromedriver                        0x000000010261cb58 chromedriver + 592728\n6   chromedriver                        0x000000010261bb24 chromedriver + 588580\n7   chromedriver                        0x000000010260f994 chromedriver + 539028\n8   chromedriver                        0x000000010260f250 chromedriver + 537168\n9   chromedriver                        0x0000000102659ab0 chromedriver + 842416\n10  chromedriver                        0x000000010260d6bc chromedriver + 530108\n11  chromedriver                        0x000000010260e930 chromedriver + 534832\n12  chromedriver                        0x0000000102949e08 chromedriver + 3923464\n13  chromedriver                        0x000000010294e3dc chromedriver + 3941340\n14  chromedriver                        0x0000000102932038 chromedriver + 3825720\n15  chromedriver                        0x000000010294ef3c chromedriver + 3944252\n16  chromedriver                        0x00000001029246f4 chromedriver + 3770100\n17  chromedriver                        0x000000010296b980 chromedriver + 4061568\n18  chromedriver                        0x000000010296baf8 chromedriver + 4061944\n19  chromedriver                        0x000000010297c2e4 chromedriver + 4129508\n20  libsystem_pthread.dylib             0x0000000187db2034 _pthread_start + 136\n21  libsystem_pthread.dylib             0x0000000187dace3c thread_start + 8", "trace": "tests/test_shop.py:48: in test_products_group\n    element.click()\n        browser    = <selenium.webdriver.chrome.webdriver.WebDriver (session=\"f3ace6df5d3c50cb5ac5722a80489c69\")>\n        element    = <selenium.webdriver.remote.webelement.WebElement (session=\"f3ace6df5d3c50cb5ac5722a80489c69\", element=\"D26125ABE396A46C7F2310C932BE8682_element_210\")>\n        elements   = [<selenium.webdriver.remote.webelement.WebElement (session=\"f3ace6df5d3c50cb5ac5722a80489c69\", element=\"F1390A9AE50E3B...lement.WebElement (session=\"f3ace6df5d3c50cb5ac5722a80489c69\", element=\"F1390A9AE50E3BCCC2E639AE9DAB9E2E_element_92\")>]\n        expected_menu = [('Все', '', \"[class='tab-all active']\"), ('Бестселлеры', '/?products_group=best_sellers', \"[class='tab-best_sellers '... '/?products_group=new', \"[class='tab-new ']\"), ('Распродажа товаров', '/?products_group=sale', \"[class='tab-sale ']\")]\n        item       = ('Распродажа товаров', '/?products_group=sale', \"[class='tab-sale ']\")\n        menu_element = \"[class='catalog-toolbar-tabs__content'] a\"\n.venv/lib/python3.12/site-packages/selenium/webdriver/remote/webelement.py:94: in click\n    self._execute(Command.CLICK_ELEMENT)\n        self       = <selenium.webdriver.remote.webelement.WebElement (session=\"f3ace6df5d3c50cb5ac5722a80489c69\", element=\"D26125ABE396A46C7F2310C932BE8682_element_210\")>\n.venv/lib/python3.12/site-packages/selenium/webdriver/remote/webelement.py:395: in _execute\n    return self._parent.execute(command, params)\n        command    = 'clickElement'\n        params     = {'id': 'D26125ABE396A46C7F2310C932BE8682_element_210'}\n        self       = <selenium.webdriver.remote.webelement.WebElement (session=\"f3ace6df5d3c50cb5ac5722a80489c69\", element=\"D26125ABE396A46C7F2310C932BE8682_element_210\")>\n.venv/lib/python3.12/site-packages/selenium/webdriver/remote/webdriver.py:347: in execute\n    self.error_handler.check_response(response)\n        driver_command = 'clickElement'\n        params     = {}\n        response   = {'status': 400, 'value': '{\"value\":{\"error\":\"element click intercepted\",\"message\":\"element click intercepted: Element ...000187db2034 _pthread_start + 136\\\\n21  libsystem_pthread.dylib             0x0000000187dace3c thread_start + 8\\\\n\"}}'}\n        self       = <selenium.webdriver.chrome.webdriver.WebDriver (session=\"f3ace6df5d3c50cb5ac5722a80489c69\")>\n.venv/lib/python3.12/site-packages/selenium/webdriver/remote/errorhandler.py:229: in check_response\n    raise exception_class(message, screen, stacktrace)\nE   selenium.common.exceptions.ElementClickInterceptedException: Message: element click intercepted: Element <a href=\"https://testqastudio.me?products_group=sale\" class=\"tab-sale \">...</a> is not clickable at point (789, 748). Other element would receive the click: <div class=\"catalog-toolbar-tabs__content\">...</div>\nE     (Session info: chrome=120.0.6099.234)\nE   Stacktrace:\nE   0   chromedriver                        0x00000001029844dc chromedriver + 4162780\nE   1   chromedriver                        0x000000010297c664 chromedriver + 4130404\nE   2   chromedriver                        0x00000001025d3bc0 chromedriver + 293824\nE   3   chromedriver                        0x00000001026210b4 chromedriver + 610484\nE   4   chromedriver                        0x000000010261f090 chromedriver + 602256\nE   5   chromedriver                        0x000000010261cb58 chromedriver + 592728\nE   6   chromedriver                        0x000000010261bb24 chromedriver + 588580\nE   7   chromedriver                        0x000000010260f994 chromedriver + 539028\nE   8   chromedriver                        0x000000010260f250 chromedriver + 537168\nE   9   chromedriver                        0x0000000102659ab0 chromedriver + 842416\nE   10  chromedriver                        0x000000010260d6bc chromedriver + 530108\nE   11  chromedriver                        0x000000010260e930 chromedriver + 534832\nE   12  chromedriver                        0x0000000102949e08 chromedriver + 3923464\nE   13  chromedriver                        0x000000010294e3dc chromedriver + 3941340\nE   14  chromedriver                        0x0000000102932038 chromedriver + 3825720\nE   15  chromedriver                        0x000000010294ef3c chromedriver + 3944252\nE   16  chromedriver                        0x00000001029246f4 chromedriver + 3770100\nE   17  chromedriver                        0x000000010296b980 chromedriver + 4061568\nE   18  chromedriver                        0x000000010296baf8 chromedriver + 4061944\nE   19  chromedriver                        0x000000010297c2e4 chromedriver + 4129508\nE   20  libsystem_pthread.dylib             0x0000000187db2034 _pthread_start + 136\nE   21  libsystem_pthread.dylib             0x0000000187dace3c thread_start + 8\n        e          = <selenium.webdriver.remote.errorhandler.ErrorCode object at 0x102129160>\n        error_code = 'ELEMENT_CLICK_INTERCEPTED'\n        error_codes = ['ELEMENT_CLICK_INTERCEPTED', 'ELEMENT_IS_NOT_SELECTABLE', 'ELEMENT_NOT_INTERACTABLE', 'ELEMENT_NOT_VISIBLE', 'IME_ENGINE_ACTIVATION_FAILED', 'IME_NOT_AVAILABLE', ...]\n        error_info = [64, 'element click intercepted']\n        exception_class = <class 'selenium.common.exceptions.ElementClickInterceptedException'>\n        json       = <module 'json' from '/Library/Frameworks/Python.framework/Versions/3.12/lib/python3.12/json/__init__.py'>\n        message    = 'element click intercepted: Element <a href=\"https://testqastudio.me?products_group=sale\" class=\"tab-sale \">...</a> is...would receive the click: <div class=\"catalog-toolbar-tabs__content\">...</div>\\n  (Session info: chrome=120.0.6099.234)'\n        response   = {'status': 400, 'value': '{\"value\":{\"error\":\"element click intercepted\",\"message\":\"element click intercepted: Element ...000187db2034 _pthread_start + 136\\\\n21  libsystem_pthread.dylib             0x0000000187dace3c thread_start + 8\\\\n\"}}'}\n        screen     = None\n        self       = <selenium.webdriver.remote.errorhandler.ErrorHandler object at 0x1020efb30>\n        st_value   = '0   chromedriver                        0x00000001029844dc chromedriver + 4162780\\n1   chromedriver                  ...0x0000000187db2034 _pthread_start + 136\\n21  libsystem_pthread.dylib             0x0000000187dace3c thread_start + 8\\n'\n        stacktrace = ['0   chromedriver                        0x00000001029844dc chromedriver + 4162780', '1   chromedriver               ...61f090 chromedriver + 602256', '5   chromedriver                        0x000000010261cb58 chromedriver + 592728', ...]\n        status     = 'element click intercepted'\n        value      = {'error': 'element click intercepted', 'message': 'element click intercepted: Element <a href=\"https://testqastudio.me...x0000000187db2034 _pthread_start + 136\\n21  libsystem_pthread.dylib             0x0000000187dace3c thread_start + 8\\n'}\n        value_json = '{\"value\":{\"error\":\"element click intercepted\",\"message\":\"element click intercepted: Element \\\\u003Ca href=\\\\\"https://...0000187db2034 _pthread_start + 136\\\\n21  libsystem_pthread.dylib             0x0000000187dace3c thread_start + 8\\\\n\"}}'"}, "description": "\n    Test case TC-2\n    ", "start": 1706174854770, "stop": 1706174863206, "uuid": "a4b36e45-cb87-4aed-ad02-7d2d45ae30d4", "historyId": "4fdd6adba16e950b161eae73ef4ccb14", "testCaseId": "4fdd6adba16e950b161eae73ef4ccb14", "fullName": "tests.test_shop#test_products_group", "labels": [{"name": "tag", "value": "@pytest.mark.xfail(reason='Wait for fix bug')"}, {"name": "parentSuite", "value": "tests"}, {"name": "suite", "value": "test_shop"}, {"name": "host", "value": "MacBook-Pro-aleksandr.local"}, {"name": "thread", "value": "48097-MainThread"}, {"name": "framework", "value": "pytest"}, {"name": "language", "value": "cpython3"}, {"name": "package", "value": "tests.test_shop"}]}